<?xml version="1.0" encoding="UTF-8"?>
<!-- Generated by org.testng.reporters.JUnitXMLReporter -->
<testsuite hostname="DESKTOP-JI54U4I" ignored="0" name="Command line test" tests="2" failures="1" timestamp="15 Mar 2022 19:58:29 GMT" time="11.313" errors="0">
  <testcase name="coverAllTestcases" time="0.427" classname="com.saucedemo.DellTechnologiesTask.testpackage.LoginScenario">
    <failure type="java.lang.AssertionError">
      <![CDATA[java.lang.AssertionError: 
at com.saucedemo.DellTechnologiesTask.testpackage.LoginScenario.assertPassword(LoginScenario.java:121)
at com.saucedemo.DellTechnologiesTask.testpackage.LoginScenario.coverAllTestcases(LoginScenario.java:103)
... Removed 38 stack frames]]>
    </failure>
  </testcase> <!-- coverAllTestcases -->
  <testcase name="positiveScenario" time="0.263" classname="com.saucedemo.DellTechnologiesTask.testpackage.LoginScenario"/>
</testsuite> <!-- Command line test -->
