<?xml version="1.0" encoding="UTF-8"?>
<testng-results skipped="0" failed="3" ignored="0" total="6" passed="3">
  <reporter-output>
  </reporter-output>
  <suite name="Suite" duration-ms="36181" started-at="2022-03-15T19:58:57Z" finished-at="2022-03-15T19:59:33Z">
    <groups>
    </groups>
    <test name="TestChrome" duration-ms="7439" started-at="2022-03-15T19:58:57Z" finished-at="2022-03-15T19:59:04Z">
      <class name="com.saucedemo.DellTechnologiesTask.testpackage.LoginScenario">
        <test-method status="PASS" signature="setUp(java.lang.String)[pri:0, instance:com.saucedemo.DellTechnologiesTask.testpackage.LoginScenario@3cce5371]" name="setUp" is-config="true" duration-ms="2042" started-at="2022-03-15T19:58:57Z" finished-at="2022-03-15T19:58:59Z">
          <params>
            <param index="0">
              <value>
                <![CDATA[chrome]]>
              </value>
            </param>
          </params>
          <reporter-output>
          </reporter-output>
        </test-method> <!-- setUp -->
        <test-method status="PASS" signature="navigation()[pri:0, instance:com.saucedemo.DellTechnologiesTask.testpackage.LoginScenario@3cce5371]" name="navigation" is-config="true" duration-ms="4039" started-at="2022-03-15T19:58:59Z" finished-at="2022-03-15T19:59:03Z">
          <reporter-output>
          </reporter-output>
        </test-method> <!-- navigation -->
        <test-method status="FAIL" signature="coverAllTestcases()[pri:0, instance:com.saucedemo.DellTechnologiesTask.testpackage.LoginScenario@3cce5371]" name="coverAllTestcases" duration-ms="485" started-at="2022-03-15T19:59:03Z" finished-at="2022-03-15T19:59:03Z">
          <exception class="java.lang.AssertionError">
            <full-stacktrace>
              <![CDATA[java.lang.AssertionError: 
at org.testng.AssertJUnit.fail(AssertJUnit.java:59)
at org.testng.AssertJUnit.assertTrue(AssertJUnit.java:24)
at org.testng.AssertJUnit.assertTrue(AssertJUnit.java:33)
at com.saucedemo.DellTechnologiesTask.testpackage.LoginScenario.assertPassword(LoginScenario.java:121)
at com.saucedemo.DellTechnologiesTask.testpackage.LoginScenario.coverAllTestcases(LoginScenario.java:103)
at sun.reflect.NativeMethodAccessorImpl.invoke0(Native Method)
at sun.reflect.NativeMethodAccessorImpl.invoke(NativeMethodAccessorImpl.java:62)
at sun.reflect.DelegatingMethodAccessorImpl.invoke(DelegatingMethodAccessorImpl.java:43)
at java.lang.reflect.Method.invoke(Method.java:498)
at org.testng.internal.MethodInvocationHelper.invokeMethod(MethodInvocationHelper.java:124)
at org.testng.internal.Invoker.invokeMethod(Invoker.java:580)
at org.testng.internal.Invoker.invokeTestMethod(Invoker.java:716)
at org.testng.internal.Invoker.invokeTestMethods(Invoker.java:988)
at org.testng.internal.TestMethodWorker.invokeTestMethods(TestMethodWorker.java:125)
at org.testng.internal.TestMethodWorker.run(TestMethodWorker.java:109)
at org.testng.TestRunner.privateRun(TestRunner.java:648)
at org.testng.TestRunner.run(TestRunner.java:505)
at org.testng.SuiteRunner.runTest(SuiteRunner.java:455)
at org.testng.SuiteRunner.runSequentially(SuiteRunner.java:450)
at org.testng.SuiteRunner.privateRun(SuiteRunner.java:415)
at org.testng.SuiteRunner.run(SuiteRunner.java:364)
at org.testng.SuiteRunnerWorker.runSuite(SuiteRunnerWorker.java:52)
at org.testng.SuiteRunnerWorker.run(SuiteRunnerWorker.java:84)
at org.testng.TestNG.runSuitesSequentially(TestNG.java:1208)
at org.testng.TestNG.runSuitesLocally(TestNG.java:1137)
at org.testng.TestNG.runSuites(TestNG.java:1049)
at org.testng.TestNG.run(TestNG.java:1017)
at org.testng.remote.AbstractRemoteTestNG.run(AbstractRemoteTestNG.java:114)
at org.testng.remote.RemoteTestNG.initAndRun(RemoteTestNG.java:251)
at org.testng.remote.RemoteTestNG.main(RemoteTestNG.java:77)
]]>
            </full-stacktrace>
          </exception> <!-- java.lang.AssertionError -->
          <reporter-output>
          </reporter-output>
        </test-method> <!-- coverAllTestcases -->
        <test-method status="PASS" signature="navigation()[pri:0, instance:com.saucedemo.DellTechnologiesTask.testpackage.LoginScenario@3cce5371]" name="navigation" is-config="true" duration-ms="106" started-at="2022-03-15T19:59:04Z" finished-at="2022-03-15T19:59:04Z">
          <reporter-output>
          </reporter-output>
        </test-method> <!-- navigation -->
        <test-method status="PASS" signature="positiveScenario()[pri:0, instance:com.saucedemo.DellTechnologiesTask.testpackage.LoginScenario@3cce5371]" name="positiveScenario" duration-ms="272" started-at="2022-03-15T19:59:04Z" finished-at="2022-03-15T19:59:04Z">
          <reporter-output>
          </reporter-output>
        </test-method> <!-- positiveScenario -->
        <test-method status="PASS" signature="close()[pri:0, instance:com.saucedemo.DellTechnologiesTask.testpackage.LoginScenario@3cce5371]" name="close" is-config="true" duration-ms="75" started-at="2022-03-15T19:59:04Z" finished-at="2022-03-15T19:59:04Z">
          <reporter-output>
          </reporter-output>
        </test-method> <!-- close -->
      </class> <!-- com.saucedemo.DellTechnologiesTask.testpackage.LoginScenario -->
    </test> <!-- TestChrome -->
    <test name="Testme" duration-ms="10645" started-at="2022-03-15T19:59:04Z" finished-at="2022-03-15T19:59:15Z">
      <class name="com.saucedemo.DellTechnologiesTask.testpackage.LoginScenario">
        <test-method status="PASS" signature="setUp(java.lang.String)[pri:0, instance:com.saucedemo.DellTechnologiesTask.testpackage.LoginScenario@446a1e84]" name="setUp" is-config="true" duration-ms="4395" started-at="2022-03-15T19:59:04Z" finished-at="2022-03-15T19:59:08Z">
          <params>
            <param index="0">
              <value>
                <![CDATA[me]]>
              </value>
            </param>
          </params>
          <reporter-output>
          </reporter-output>
        </test-method> <!-- setUp -->
        <test-method status="PASS" signature="navigation()[pri:0, instance:com.saucedemo.DellTechnologiesTask.testpackage.LoginScenario@446a1e84]" name="navigation" is-config="true" duration-ms="5142" started-at="2022-03-15T19:59:08Z" finished-at="2022-03-15T19:59:14Z">
          <reporter-output>
          </reporter-output>
        </test-method> <!-- navigation -->
        <test-method status="FAIL" signature="coverAllTestcases()[pri:0, instance:com.saucedemo.DellTechnologiesTask.testpackage.LoginScenario@446a1e84]" name="coverAllTestcases" duration-ms="362" started-at="2022-03-15T19:59:14Z" finished-at="2022-03-15T19:59:14Z">
          <exception class="java.lang.AssertionError">
            <full-stacktrace>
              <![CDATA[java.lang.AssertionError: 
at org.testng.AssertJUnit.fail(AssertJUnit.java:59)
at org.testng.AssertJUnit.assertTrue(AssertJUnit.java:24)
at org.testng.AssertJUnit.assertTrue(AssertJUnit.java:33)
at com.saucedemo.DellTechnologiesTask.testpackage.LoginScenario.assertPassword(LoginScenario.java:121)
at com.saucedemo.DellTechnologiesTask.testpackage.LoginScenario.coverAllTestcases(LoginScenario.java:103)
at sun.reflect.NativeMethodAccessorImpl.invoke0(Native Method)
at sun.reflect.NativeMethodAccessorImpl.invoke(NativeMethodAccessorImpl.java:62)
at sun.reflect.DelegatingMethodAccessorImpl.invoke(DelegatingMethodAccessorImpl.java:43)
at java.lang.reflect.Method.invoke(Method.java:498)
at org.testng.internal.MethodInvocationHelper.invokeMethod(MethodInvocationHelper.java:124)
at org.testng.internal.Invoker.invokeMethod(Invoker.java:580)
at org.testng.internal.Invoker.invokeTestMethod(Invoker.java:716)
at org.testng.internal.Invoker.invokeTestMethods(Invoker.java:988)
at org.testng.internal.TestMethodWorker.invokeTestMethods(TestMethodWorker.java:125)
at org.testng.internal.TestMethodWorker.run(TestMethodWorker.java:109)
at org.testng.TestRunner.privateRun(TestRunner.java:648)
at org.testng.TestRunner.run(TestRunner.java:505)
at org.testng.SuiteRunner.runTest(SuiteRunner.java:455)
at org.testng.SuiteRunner.runSequentially(SuiteRunner.java:450)
at org.testng.SuiteRunner.privateRun(SuiteRunner.java:415)
at org.testng.SuiteRunner.run(SuiteRunner.java:364)
at org.testng.SuiteRunnerWorker.runSuite(SuiteRunnerWorker.java:52)
at org.testng.SuiteRunnerWorker.run(SuiteRunnerWorker.java:84)
at org.testng.TestNG.runSuitesSequentially(TestNG.java:1208)
at org.testng.TestNG.runSuitesLocally(TestNG.java:1137)
at org.testng.TestNG.runSuites(TestNG.java:1049)
at org.testng.TestNG.run(TestNG.java:1017)
at org.testng.remote.AbstractRemoteTestNG.run(AbstractRemoteTestNG.java:114)
at org.testng.remote.RemoteTestNG.initAndRun(RemoteTestNG.java:251)
at org.testng.remote.RemoteTestNG.main(RemoteTestNG.java:77)
]]>
            </full-stacktrace>
          </exception> <!-- java.lang.AssertionError -->
          <reporter-output>
          </reporter-output>
        </test-method> <!-- coverAllTestcases -->
        <test-method status="PASS" signature="navigation()[pri:0, instance:com.saucedemo.DellTechnologiesTask.testpackage.LoginScenario@446a1e84]" name="navigation" is-config="true" duration-ms="116" started-at="2022-03-15T19:59:14Z" finished-at="2022-03-15T19:59:14Z">
          <reporter-output>
          </reporter-output>
        </test-method> <!-- navigation -->
        <test-method status="PASS" signature="positiveScenario()[pri:0, instance:com.saucedemo.DellTechnologiesTask.testpackage.LoginScenario@446a1e84]" name="positiveScenario" duration-ms="263" started-at="2022-03-15T19:59:14Z" finished-at="2022-03-15T19:59:15Z">
          <reporter-output>
          </reporter-output>
        </test-method> <!-- positiveScenario -->
        <test-method status="PASS" signature="close()[pri:0, instance:com.saucedemo.DellTechnologiesTask.testpackage.LoginScenario@446a1e84]" name="close" is-config="true" duration-ms="74" started-at="2022-03-15T19:59:15Z" finished-at="2022-03-15T19:59:15Z">
          <reporter-output>
          </reporter-output>
        </test-method> <!-- close -->
      </class> <!-- com.saucedemo.DellTechnologiesTask.testpackage.LoginScenario -->
    </test> <!-- Testme -->
    <test name="Testfirefox" duration-ms="18066" started-at="2022-03-15T19:59:15Z" finished-at="2022-03-15T19:59:33Z">
      <class name="com.saucedemo.DellTechnologiesTask.testpackage.LoginScenario">
        <test-method status="PASS" signature="setUp(java.lang.String)[pri:0, instance:com.saucedemo.DellTechnologiesTask.testpackage.LoginScenario@d23e042]" name="setUp" is-config="true" duration-ms="12242" started-at="2022-03-15T19:59:15Z" finished-at="2022-03-15T19:59:27Z">
          <params>
            <param index="0">
              <value>
                <![CDATA[firefox]]>
              </value>
            </param>
          </params>
          <reporter-output>
          </reporter-output>
        </test-method> <!-- setUp -->
        <test-method status="PASS" signature="navigation()[pri:0, instance:com.saucedemo.DellTechnologiesTask.testpackage.LoginScenario@d23e042]" name="navigation" is-config="true" duration-ms="2110" started-at="2022-03-15T19:59:27Z" finished-at="2022-03-15T19:59:29Z">
          <reporter-output>
          </reporter-output>
        </test-method> <!-- navigation -->
        <test-method status="FAIL" signature="coverAllTestcases()[pri:0, instance:com.saucedemo.DellTechnologiesTask.testpackage.LoginScenario@d23e042]" name="coverAllTestcases" duration-ms="472" started-at="2022-03-15T19:59:29Z" finished-at="2022-03-15T19:59:29Z">
          <exception class="java.lang.AssertionError">
            <full-stacktrace>
              <![CDATA[java.lang.AssertionError: 
at org.testng.AssertJUnit.fail(AssertJUnit.java:59)
at org.testng.AssertJUnit.assertTrue(AssertJUnit.java:24)
at org.testng.AssertJUnit.assertTrue(AssertJUnit.java:33)
at com.saucedemo.DellTechnologiesTask.testpackage.LoginScenario.assertPassword(LoginScenario.java:121)
at com.saucedemo.DellTechnologiesTask.testpackage.LoginScenario.coverAllTestcases(LoginScenario.java:103)
at sun.reflect.NativeMethodAccessorImpl.invoke0(Native Method)
at sun.reflect.NativeMethodAccessorImpl.invoke(NativeMethodAccessorImpl.java:62)
at sun.reflect.DelegatingMethodAccessorImpl.invoke(DelegatingMethodAccessorImpl.java:43)
at java.lang.reflect.Method.invoke(Method.java:498)
at org.testng.internal.MethodInvocationHelper.invokeMethod(MethodInvocationHelper.java:124)
at org.testng.internal.Invoker.invokeMethod(Invoker.java:580)
at org.testng.internal.Invoker.invokeTestMethod(Invoker.java:716)
at org.testng.internal.Invoker.invokeTestMethods(Invoker.java:988)
at org.testng.internal.TestMethodWorker.invokeTestMethods(TestMethodWorker.java:125)
at org.testng.internal.TestMethodWorker.run(TestMethodWorker.java:109)
at org.testng.TestRunner.privateRun(TestRunner.java:648)
at org.testng.TestRunner.run(TestRunner.java:505)
at org.testng.SuiteRunner.runTest(SuiteRunner.java:455)
at org.testng.SuiteRunner.runSequentially(SuiteRunner.java:450)
at org.testng.SuiteRunner.privateRun(SuiteRunner.java:415)
at org.testng.SuiteRunner.run(SuiteRunner.java:364)
at org.testng.SuiteRunnerWorker.runSuite(SuiteRunnerWorker.java:52)
at org.testng.SuiteRunnerWorker.run(SuiteRunnerWorker.java:84)
at org.testng.TestNG.runSuitesSequentially(TestNG.java:1208)
at org.testng.TestNG.runSuitesLocally(TestNG.java:1137)
at org.testng.TestNG.runSuites(TestNG.java:1049)
at org.testng.TestNG.run(TestNG.java:1017)
at org.testng.remote.AbstractRemoteTestNG.run(AbstractRemoteTestNG.java:114)
at org.testng.remote.RemoteTestNG.initAndRun(RemoteTestNG.java:251)
at org.testng.remote.RemoteTestNG.main(RemoteTestNG.java:77)
]]>
            </full-stacktrace>
          </exception> <!-- java.lang.AssertionError -->
          <reporter-output>
          </reporter-output>
        </test-method> <!-- coverAllTestcases -->
        <test-method status="PASS" signature="navigation()[pri:0, instance:com.saucedemo.DellTechnologiesTask.testpackage.LoginScenario@d23e042]" name="navigation" is-config="true" duration-ms="110" started-at="2022-03-15T19:59:30Z" finished-at="2022-03-15T19:59:30Z">
          <reporter-output>
          </reporter-output>
        </test-method> <!-- navigation -->
        <test-method status="PASS" signature="positiveScenario()[pri:0, instance:com.saucedemo.DellTechnologiesTask.testpackage.LoginScenario@d23e042]" name="positiveScenario" duration-ms="626" started-at="2022-03-15T19:59:30Z" finished-at="2022-03-15T19:59:30Z">
          <reporter-output>
          </reporter-output>
        </test-method> <!-- positiveScenario -->
        <test-method status="PASS" signature="close()[pri:0, instance:com.saucedemo.DellTechnologiesTask.testpackage.LoginScenario@d23e042]" name="close" is-config="true" duration-ms="2403" started-at="2022-03-15T19:59:30Z" finished-at="2022-03-15T19:59:33Z">
          <reporter-output>
          </reporter-output>
        </test-method> <!-- close -->
      </class> <!-- com.saucedemo.DellTechnologiesTask.testpackage.LoginScenario -->
    </test> <!-- Testfirefox -->
  </suite> <!-- Suite -->
</testng-results>
